<?xml version="1.0" encoding="UTF-8"?>
<!-- Generated by org.testng.reporters.JUnitReportReporter -->
<testsuite hostname="springdevelopmentvm01" name="eu.jpereira.appointments.model.AppointmentTest" tests="6" failures="0" timestamp="21 Jul 2012 15:34:09 GMT" time="0.067" errors="0">
  <testcase name="appointmentIsPast" time="0.000" classname="eu.jpereira.appointments.model.AppointmentTest"/>
  <testcase name="appointmentIsNow" time="0.002" classname="eu.jpereira.appointments.model.AppointmentTest"/>
  <testcase name="appointmentElapsedMinutesSinceStart" time="0.002" classname="eu.jpereira.appointments.model.AppointmentTest"/>
  <testcase name="appointmentElapsedMinutesSinceEnd" time="0.062" classname="eu.jpereira.appointments.model.AppointmentTest"/>
  <testcase name="appointmentIsPastToday" time="0.000" classname="eu.jpereira.appointments.model.AppointmentTest"/>
  <testcase name="appointmentIsFuture" time="0.001" classname="eu.jpereira.appointments.model.AppointmentTest"/>
</testsuite> <!-- eu.jpereira.appointments.model.AppointmentTest -->
