<?xml version="1.0" encoding="UTF-8"?>
<!-- Generated by org.testng.reporters.JUnitReportReporter -->
<testsuite hostname="springdevelopmentvm01" name="eu.jpereira.appointments.model.MinuteNormalizerTest" tests="1" failures="0" timestamp="21 Jul 2012 15:34:46 GMT" time="0.014" errors="0">
  <testcase name="canNormalize" time="0.014" classname="eu.jpereira.appointments.model.MinuteNormalizerTest"/>
</testsuite> <!-- eu.jpereira.appointments.model.MinuteNormalizerTest -->
